C51 COMPILER V9.00   DS18B20                                                               09/01/2015 10:49:21 PAGE 1   


C51 COMPILER V9.00, COMPILATION OF MODULE DS18B20
OBJECT MODULE PLACED IN .\obj\DS18B20.obj
COMPILER INVOKED BY: D:\Program Files (x86)\KeilC51\C51\BIN\C51.EXE 源码\DS18B20.c BROWSE DEBUG OBJECTEXTEND PRINT(.\lis
                    -t\DS18B20.lst) OBJECT(.\obj\DS18B20.obj)

line level    source

   1          
   2          #include"config.h"
   3          
   4          sbit DQ = P1^0;
   5          
   6          void DelayUs2x(unsigned char t)
   7          {   
   8   1       while(--t);
   9   1      }
  10          /*------------------------------------------------
  11           mS延时函数，含有输入参数 unsigned char t，无返回值
  12           unsigned char 是定义无符号字符变量，其值的范围是
  13           0~255 这里使用晶振12M，精确延时请使用汇编
  14          ------------------------------------------------*/
  15          static void DelayMsXX(unsigned char t)
  16          {
  17   1           
  18   1       while(t--)
  19   1       {
  20   2           //大致延时1mS
  21   2           DelayUs2x(245);
  22   2               DelayUs2x(245);
  23   2       }
  24   1      }
  25          
  26          bit Init_DS18B20(void)
  27          {
  28   1       bit dat=0;
  29   1       DQ = 1;    //DQ复位
  30   1       DelayUs2x(5);   //稍做延时
  31   1       DQ = 0;         //单片机将DQ拉低
  32   1       DelayUs2x(200); //精确延时 大于 480us 小于960us
  33   1       DelayUs2x(200);
  34   1       DQ = 1;        //拉高总线
  35   1       DelayUs2x(50); //15~60us 后 接收60-240us的存在脉冲
  36   1       dat=DQ;        //如果x=0则初始化成功, x=1则初始化失败
  37   1       DelayUs2x(25); //稍作延时返回
  38   1       return dat;
  39   1      }
  40          
  41          /*------------------------------------------------
  42                              读取一个字节
  43          ------------------------------------------------*/
  44          unsigned char ReadOneChar(void)
  45          {
  46   1      unsigned char i=0;
  47   1      unsigned char dat = 0;
  48   1      for (i=8;i>0;i--)
  49   1       {
  50   2        DQ = 0; // 给脉冲信号
  51   2        dat>>=1;
  52   2        DQ = 1; // 给脉冲信号
  53   2        if(DQ)
  54   2         dat|=0x80;
C51 COMPILER V9.00   DS18B20                                                               09/01/2015 10:49:21 PAGE 2   

  55   2        DelayUs2x(25);
  56   2       }
  57   1       return(dat);
  58   1      }
  59          /*------------------------------------------------
  60                              写入一个字节
  61          ------------------------------------------------*/
  62          void WriteOneChar(unsigned char dat)
  63          {
  64   1       unsigned char i=0;
  65   1       for (i=8; i>0; i--)
  66   1       {
  67   2        DQ = 0;
  68   2        DQ = dat&0x01;
  69   2        DelayUs2x(25);
  70   2        DQ = 1;
  71   2        dat>>=1;
  72   2       }
  73   1      DelayUs2x(25);
  74   1      }
  75          
  76          /*------------------------------------------------
  77                              读取温度
  78          ------------------------------------------------*/
  79          unsigned int DS18B20_GetTemp(void)
  80          {
  81   1              unsigned char a=0;
  82   1              unsigned int b=0;
  83   1              unsigned int t=0;
  84   1              float tem;
  85   1              Init_DS18B20();
  86   1              WriteOneChar(0xCC); // 跳过读序号列号的操作
  87   1              WriteOneChar(0x44); // 启动温度转换
  88   1              DelayMsXX(10);
  89   1              Init_DS18B20();
  90   1              WriteOneChar(0xCC); //跳过读序号列号的操作 
  91   1              WriteOneChar(0xBE); //读取温度寄存器等（共可读9个寄存器） 前两个就是温度
  92   1              a=ReadOneChar();   //低位
  93   1              b=ReadOneChar();   //高位
  94   1              
  95   1              b<<=8;
  96   1              t=a+b;
  97   1      
  98   1              tem = t*0.0625;
  99   1              t = tem * 10+0.5;
 100   1      
 101   1              return(t);
 102   1      }
 103          


MODULE INFORMATION:   STATIC OVERLAYABLE
   CODE SIZE        =    233    ----
   CONSTANT SIZE    =   ----    ----
   XDATA SIZE       =   ----    ----
   PDATA SIZE       =   ----    ----
   DATA SIZE        =   ----       4
   IDATA SIZE       =   ----    ----
   BIT SIZE         =   ----       1
END OF MODULE INFORMATION.


C51 COMPILATION COMPLETE.  0 WARNING(S),  0 ERROR(S)
